<?xml version="1.0" encoding="UTF-8"?>
<!-- Generated by org.testng.reporters.JUnitReportReporter -->
<testsuite hostname="IN-00232223" name="FirstTestNG.AnnotationTest" tests="2" failures="0" timestamp="2 Aug 2020 22:39:58 GMT" time="14.528" errors="0">
  <testcase name="support" time="7.203" classname="FirstTestNG.AnnotationTest"/>
  <testcase name="register" time="7.325" classname="FirstTestNG.AnnotationTest"/>
</testsuite> <!-- FirstTestNG.AnnotationTest -->
